<?xml version="1.0" encoding="UTF-8"?>
<testng-results ignored="0" total="2" passed="2" failed="0" skipped="0">
  <reporter-output>
  </reporter-output>
  <suite started-at="2024-03-22T22:07:18 IST" name="Default suite" finished-at="2024-03-22T22:07:46 IST" duration-ms="27788">
    <groups>
    </groups>
    <test started-at="2024-03-22T22:07:18 IST" name="Default test" finished-at="2024-03-22T22:07:46 IST" duration-ms="27788">
      <class name="DemoPracticeSelenium.InterviewExample2">
        <test-method signature="facebookValidLogin(java.lang.String,java.lang.String)[pri:0, instance:DemoPracticeSelenium.InterviewExample2@14dd9eb7]" started-at="2024-03-22T22:07:18 IST" name="facebookValidLogin" data-provider="getData" finished-at="2024-03-22T22:07:32 IST" duration-ms="14235" status="PASS">
          <params>
            <param index="0">
              <value>
                <![CDATA[testatesta123345@gmail.com]]>
              </value>
            </param>
            <param index="1">
              <value>
                <![CDATA[testatesta@12345]]>
              </value>
            </param>
          </params>
          <reporter-output>
          </reporter-output>
        </test-method> <!-- facebookValidLogin -->
        <test-method signature="facebookValidLogin(java.lang.String,java.lang.String)[pri:0, instance:DemoPracticeSelenium.InterviewExample2@14dd9eb7]" started-at="2024-03-22T22:07:32 IST" name="facebookValidLogin" data-provider="getData" finished-at="2024-03-22T22:07:46 IST" duration-ms="13485" status="PASS">
          <params>
            <param index="0">
              <value>
                <![CDATA[testbtestb12345@gmail.com]]>
              </value>
            </param>
            <param index="1">
              <value>
                <![CDATA[testbtestb@12345!]]>
              </value>
            </param>
          </params>
          <reporter-output>
          </reporter-output>
        </test-method> <!-- facebookValidLogin -->
      </class> <!-- DemoPracticeSelenium.InterviewExample2 -->
    </test> <!-- Default test -->
  </suite> <!-- Default suite -->
</testng-results>
